<?xml version="1.0" encoding="UTF-8"?>
<coverage generated="1568565677409" clover="3.2.0">
  <project timestamp="1568565677409" name="All files">
    <metrics statements="47" coveredstatements="43" conditionals="32" coveredconditionals="25" methods="16" coveredmethods="16" elements="95" coveredelements="84" complexity="0" loc="47" ncloc="47" packages="1" files="1" classes="1">
      <file name="awaited.js" path="/Users/tarasbatenkov/Projects/vue-awaited/src/components/awaited.js">
        <metrics statements="47" coveredstatements="43" conditionals="32" coveredconditionals="25" methods="16" coveredmethods="16"/>
        <line num="16" count="25" type="stmt"/>
        <line num="24" count="25" type="cond" truecount="4" falsecount="0"/>
        <line num="25" count="3" type="stmt"/>
        <line num="27" count="25" type="stmt"/>
        <line num="29" count="25" type="cond" truecount="2" falsecount="0"/>
        <line num="30" count="18" type="stmt"/>
        <line num="33" count="0" type="stmt"/>
        <line num="37" count="21" type="cond" truecount="2" falsecount="0"/>
        <line num="38" count="1" type="stmt"/>
        <line num="39" count="1" type="stmt"/>
        <line num="42" count="20" type="stmt"/>
        <line num="43" count="20" type="stmt"/>
        <line num="48" count="20" type="stmt"/>
        <line num="50" count="20" type="stmt"/>
        <line num="52" count="5" type="stmt"/>
        <line num="55" count="4" type="stmt"/>
        <line num="58" count="9" type="stmt"/>
        <line num="62" count="7" type="stmt"/>
        <line num="63" count="3" type="cond" truecount="1" falsecount="1"/>
        <line num="64" count="3" type="stmt"/>
        <line num="65" count="3" type="stmt"/>
        <line num="67" count="7" type="stmt"/>
        <line num="70" count="3" type="stmt"/>
        <line num="74" count="40" type="cond" truecount="2" falsecount="0"/>
        <line num="75" count="4" type="stmt"/>
        <line num="78" count="36" type="cond" truecount="2" falsecount="0"/>
        <line num="79" count="6" type="stmt"/>
        <line num="82" count="30" type="stmt"/>
        <line num="87" count="18" type="stmt"/>
        <line num="88" count="18" type="stmt"/>
        <line num="89" count="18" type="stmt"/>
        <line num="90" count="18" type="cond" truecount="2" falsecount="0"/>
        <line num="91" count="18" type="stmt"/>
        <line num="93" count="0" type="stmt"/>
        <line num="99" count="20" type="cond" truecount="2" falsecount="0"/>
        <line num="100" count="17" type="cond" truecount="2" falsecount="0"/>
        <line num="101" count="2" type="cond" truecount="1" falsecount="1"/>
        <line num="103" count="0" type="stmt"/>
        <line num="107" count="40" type="stmt"/>
        <line num="111" count="40" type="stmt"/>
        <line num="112" count="40" type="stmt"/>
        <line num="114" count="40" type="cond" truecount="1" falsecount="3"/>
        <line num="118" count="43" type="stmt"/>
        <line num="122" count="57" type="stmt"/>
        <line num="126" count="20" type="cond" truecount="3" falsecount="0"/>
        <line num="130" count="23" type="cond" truecount="1" falsecount="1"/>
        <line num="131" count="0" type="stmt"/>
      </file>
    </metrics>
  </project>
</coverage>
