{"/Users/tarasbatenkov/Projects/vue-awaited/src/components/awaited.js": {"path":"/Users/tarasbatenkov/Projects/vue-awaited/src/components/awaited.js","statementMap":{"0":{"start":{"line":16,"column":15},"end":{"line":22,"column":3}},"1":{"start":{"line":24,"column":4},"end":{"line":25,"column":52}},"2":{"start":{"line":25,"column":6},"end":{"line":25,"column":52}},"3":{"start":{"line":27,"column":4},"end":{"line":27,"column":35}},"4":{"start":{"line":29,"column":4},"end":{"line":30,"column":19}},"5":{"start":{"line":29,"column":19},"end":{"line":29,"column":33}},"6":{"start":{"line":30,"column":9},"end":{"line":30,"column":19}},"7":{"start":{"line":33,"column":4},"end":{"line":33,"column":20}},"8":{"start":{"line":37,"column":6},"end":{"line":40,"column":7}},"9":{"start":{"line":38,"column":8},"end":{"line":38,"column":28}},"10":{"start":{"line":39,"column":8},"end":{"line":39,"column":14}},"11":{"start":{"line":42,"column":22},"end":{"line":42,"column":61}},"12":{"start":{"line":43,"column":6},"end":{"line":46,"column":7}},"13":{"start":{"line":48,"column":6},"end":{"line":48,"column":27}},"14":{"start":{"line":50,"column":6},"end":{"line":59,"column":10}},"15":{"start":{"line":52,"column":10},"end":{"line":52,"column":26}},"16":{"start":{"line":55,"column":10},"end":{"line":55,"column":28}},"17":{"start":{"line":58,"column":10},"end":{"line":58,"column":30}},"18":{"start":{"line":62,"column":6},"end":{"line":66,"column":8}},"19":{"start":{"line":63,"column":8},"end":{"line":63,"column":53}},"20":{"start":{"line":63,"column":47},"end":{"line":63,"column":53}},"21":{"start":{"line":64,"column":8},"end":{"line":64,"column":24}},"22":{"start":{"line":65,"column":8},"end":{"line":65,"column":18}},"23":{"start":{"line":67,"column":6},"end":{"line":67,"column":40}},"24":{"start":{"line":70,"column":6},"end":{"line":70,"column":42}},"25":{"start":{"line":74,"column":4},"end":{"line":76,"column":5}},"26":{"start":{"line":75,"column":6},"end":{"line":75,"column":61}},"27":{"start":{"line":78,"column":4},"end":{"line":80,"column":5}},"28":{"start":{"line":79,"column":6},"end":{"line":79,"column":61}},"29":{"start":{"line":82,"column":4},"end":{"line":82,"column":59}},"30":{"start":{"line":87,"column":2},"end":{"line":95,"column":4}},"31":{"start":{"line":88,"column":4},"end":{"line":94,"column":5}},"32":{"start":{"line":89,"column":21},"end":{"line":89,"column":27}},"33":{"start":{"line":90,"column":6},"end":{"line":90,"column":55}},"34":{"start":{"line":91,"column":6},"end":{"line":91,"column":21}},"35":{"start":{"line":93,"column":6},"end":{"line":93,"column":19}},"36":{"start":{"line":99,"column":2},"end":{"line":99,"column":78}},"37":{"start":{"line":99,"column":24},"end":{"line":99,"column":78}},"38":{"start":{"line":99,"column":51},"end":{"line":99,"column":77}},"39":{"start":{"line":100,"column":2},"end":{"line":100,"column":62}},"40":{"start":{"line":100,"column":26},"end":{"line":100,"column":62}},"41":{"start":{"line":100,"column":53},"end":{"line":100,"column":61}},"42":{"start":{"line":101,"column":2},"end":{"line":101,"column":38}},"43":{"start":{"line":101,"column":25},"end":{"line":101,"column":38}},"44":{"start":{"line":103,"column":2},"end":{"line":103,"column":13}},"45":{"start":{"line":107,"column":2},"end":{"line":107,"column":46}},"46":{"start":{"line":111,"column":15},"end":{"line":111,"column":30}},"47":{"start":{"line":112,"column":21},"end":{"line":112,"column":42}},"48":{"start":{"line":114,"column":2},"end":{"line":114,"column":63}},"49":{"start":{"line":118,"column":2},"end":{"line":118,"column":34}},"50":{"start":{"line":122,"column":2},"end":{"line":122,"column":36}},"51":{"start":{"line":126,"column":2},"end":{"line":126,"column":67}},"52":{"start":{"line":130,"column":2},"end":{"line":132,"column":3}},"53":{"start":{"line":131,"column":4},"end":{"line":131,"column":47}}},"fnMap":{"0":{"name":"(anonymous_0)","decl":{"start":{"line":16,"column":8},"end":{"line":16,"column":9}},"loc":{"start":{"line":16,"column":15},"end":{"line":22,"column":3}},"line":16},"1":{"name":"(anonymous_1)","decl":{"start":{"line":51,"column":14},"end":{"line":51,"column":15}},"loc":{"start":{"line":51,"column":22},"end":{"line":53,"column":9}},"line":51},"2":{"name":"(anonymous_2)","decl":{"start":{"line":54,"column":15},"end":{"line":54,"column":16}},"loc":{"start":{"line":54,"column":24},"end":{"line":56,"column":9}},"line":54},"3":{"name":"(anonymous_3)","decl":{"start":{"line":57,"column":17},"end":{"line":57,"column":18}},"loc":{"start":{"line":57,"column":23},"end":{"line":59,"column":9}},"line":57},"4":{"name":"(anonymous_4)","decl":{"start":{"line":62,"column":47},"end":{"line":62,"column":48}},"loc":{"start":{"line":62,"column":58},"end":{"line":66,"column":7}},"line":62},"5":{"name":"ensurePromise","decl":{"start":{"line":86,"column":9},"end":{"line":86,"column":22}},"loc":{"start":{"line":86,"column":29},"end":{"line":96,"column":1}},"line":86},"6":{"name":"(anonymous_6)","decl":{"start":{"line":87,"column":21},"end":{"line":87,"column":22}},"loc":{"start":{"line":87,"column":42},"end":{"line":95,"column":3}},"line":87},"7":{"name":"getPromiseFromAction","decl":{"start":{"line":98,"column":9},"end":{"line":98,"column":29}},"loc":{"start":{"line":98,"column":42},"end":{"line":104,"column":1}},"line":98},"8":{"name":"(anonymous_8)","decl":{"start":{"line":99,"column":45},"end":{"line":99,"column":46}},"loc":{"start":{"line":99,"column":51},"end":{"line":99,"column":77}},"line":99},"9":{"name":"(anonymous_9)","decl":{"start":{"line":100,"column":47},"end":{"line":100,"column":48}},"loc":{"start":{"line":100,"column":53},"end":{"line":100,"column":61}},"line":100},"10":{"name":"wrapper","decl":{"start":{"line":106,"column":9},"end":{"line":106,"column":16}},"loc":{"start":{"line":106,"column":35},"end":{"line":108,"column":1}},"line":106},"11":{"name":"getSlot","decl":{"start":{"line":110,"column":9},"end":{"line":110,"column":16}},"loc":{"start":{"line":110,"column":36},"end":{"line":115,"column":1}},"line":110},"12":{"name":"isString","decl":{"start":{"line":117,"column":9},"end":{"line":117,"column":17}},"loc":{"start":{"line":117,"column":25},"end":{"line":119,"column":1}},"line":117},"13":{"name":"isFunction","decl":{"start":{"line":121,"column":9},"end":{"line":121,"column":19}},"loc":{"start":{"line":121,"column":27},"end":{"line":123,"column":1}},"line":121},"14":{"name":"isPromise","decl":{"start":{"line":125,"column":9},"end":{"line":125,"column":18}},"loc":{"start":{"line":125,"column":26},"end":{"line":127,"column":1}},"line":125},"15":{"name":"assert","decl":{"start":{"line":129,"column":9},"end":{"line":129,"column":15}},"loc":{"start":{"line":129,"column":36},"end":{"line":133,"column":1}},"line":129}},"branchMap":{"0":{"loc":{"start":{"line":24,"column":4},"end":{"line":25,"column":52}},"type":"if","locations":[{"start":{"line":24,"column":4},"end":{"line":25,"column":52}},{"start":{"line":24,"column":4},"end":{"line":25,"column":52}}],"line":24},"1":{"loc":{"start":{"line":24,"column":8},"end":{"line":24,"column":44}},"type":"binary-expr","locations":[{"start":{"line":24,"column":8},"end":{"line":24,"column":19}},{"start":{"line":24,"column":23},"end":{"line":24,"column":44}}],"line":24},"2":{"loc":{"start":{"line":29,"column":4},"end":{"line":30,"column":19}},"type":"if","locations":[{"start":{"line":29,"column":4},"end":{"line":30,"column":19}},{"start":{"line":29,"column":4},"end":{"line":30,"column":19}}],"line":29},"3":{"loc":{"start":{"line":37,"column":6},"end":{"line":40,"column":7}},"type":"if","locations":[{"start":{"line":37,"column":6},"end":{"line":40,"column":7}},{"start":{"line":37,"column":6},"end":{"line":40,"column":7}}],"line":37},"4":{"loc":{"start":{"line":63,"column":8},"end":{"line":63,"column":53}},"type":"if","locations":[{"start":{"line":63,"column":8},"end":{"line":63,"column":53}},{"start":{"line":63,"column":8},"end":{"line":63,"column":53}}],"line":63},"5":{"loc":{"start":{"line":74,"column":4},"end":{"line":76,"column":5}},"type":"if","locations":[{"start":{"line":74,"column":4},"end":{"line":76,"column":5}},{"start":{"line":74,"column":4},"end":{"line":76,"column":5}}],"line":74},"6":{"loc":{"start":{"line":78,"column":4},"end":{"line":80,"column":5}},"type":"if","locations":[{"start":{"line":78,"column":4},"end":{"line":80,"column":5}},{"start":{"line":78,"column":4},"end":{"line":80,"column":5}}],"line":78},"7":{"loc":{"start":{"line":90,"column":6},"end":{"line":90,"column":55}},"type":"binary-expr","locations":[{"start":{"line":90,"column":6},"end":{"line":90,"column":23}},{"start":{"line":90,"column":27},"end":{"line":90,"column":55}}],"line":90},"8":{"loc":{"start":{"line":99,"column":2},"end":{"line":99,"column":78}},"type":"if","locations":[{"start":{"line":99,"column":2},"end":{"line":99,"column":78}},{"start":{"line":99,"column":2},"end":{"line":99,"column":78}}],"line":99},"9":{"loc":{"start":{"line":100,"column":2},"end":{"line":100,"column":62}},"type":"if","locations":[{"start":{"line":100,"column":2},"end":{"line":100,"column":62}},{"start":{"line":100,"column":2},"end":{"line":100,"column":62}}],"line":100},"10":{"loc":{"start":{"line":101,"column":2},"end":{"line":101,"column":38}},"type":"if","locations":[{"start":{"line":101,"column":2},"end":{"line":101,"column":38}},{"start":{"line":101,"column":2},"end":{"line":101,"column":38}}],"line":101},"11":{"loc":{"start":{"line":106,"column":20},"end":{"line":106,"column":33}},"type":"default-arg","locations":[{"start":{"line":106,"column":31},"end":{"line":106,"column":33}}],"line":106},"12":{"loc":{"start":{"line":114,"column":20},"end":{"line":114,"column":62}},"type":"cond-expr","locations":[{"start":{"line":114,"column":33},"end":{"line":114,"column":49}},{"start":{"line":114,"column":52},"end":{"line":114,"column":62}}],"line":114},"13":{"loc":{"start":{"line":114,"column":52},"end":{"line":114,"column":62}},"type":"binary-expr","locations":[{"start":{"line":114,"column":52},"end":{"line":114,"column":56}},{"start":{"line":114,"column":60},"end":{"line":114,"column":62}}],"line":114},"14":{"loc":{"start":{"line":126,"column":9},"end":{"line":126,"column":67}},"type":"binary-expr","locations":[{"start":{"line":126,"column":9},"end":{"line":126,"column":14}},{"start":{"line":126,"column":18},"end":{"line":126,"column":40}},{"start":{"line":126,"column":44},"end":{"line":126,"column":67}}],"line":126},"15":{"loc":{"start":{"line":130,"column":2},"end":{"line":132,"column":3}},"type":"if","locations":[{"start":{"line":130,"column":2},"end":{"line":132,"column":3}},{"start":{"line":130,"column":2},"end":{"line":132,"column":3}}],"line":130}},"s":{"0":25,"1":25,"2":3,"3":25,"4":25,"5":7,"6":18,"7":0,"8":21,"9":1,"10":1,"11":20,"12":20,"13":20,"14":20,"15":5,"16":4,"17":9,"18":7,"19":3,"20":0,"21":3,"22":3,"23":7,"24":3,"25":40,"26":4,"27":36,"28":6,"29":30,"30":18,"31":18,"32":18,"33":18,"34":18,"35":0,"36":20,"37":3,"38":3,"39":17,"40":15,"41":15,"42":2,"43":2,"44":0,"45":40,"46":40,"47":40,"48":40,"49":43,"50":57,"51":20,"52":23,"53":0},"f":{"0":25,"1":5,"2":4,"3":9,"4":3,"5":18,"6":18,"7":20,"8":3,"9":15,"10":40,"11":40,"12":43,"13":57,"14":20,"15":23},"b":{"0":[3,22],"1":[25,23],"2":[7,18],"3":[1,20],"4":[0,3],"5":[4,36],"6":[6,30],"7":[18,18],"8":[3,17],"9":[15,2],"10":[2,0],"11":[0],"12":[40,0],"13":[0,0],"14":[20,20,20],"15":[0,23]},"_coverageSchema":"332fd63041d2c1bcb487cc26dd0d5f7d97098a6c","hash":"8a1adc9089ff1295efcda834dd13b0a756d0acc6"}
}
