TN:
SF:/Users/tarasbatenkov/Projects/vue-awaited/src/components/awaited.js
FN:16,(anonymous_0)
FN:51,(anonymous_1)
FN:54,(anonymous_2)
FN:57,(anonymous_3)
FN:62,(anonymous_4)
FN:86,ensurePromise
FN:87,(anonymous_6)
FN:98,getPromiseFromAction
FN:99,(anonymous_8)
FN:100,(anonymous_9)
FN:106,wrapper
FN:110,getSlot
FN:117,isString
FN:121,isFunction
FN:125,isPromise
FN:129,assert
FNF:16
FNH:16
FNDA:25,(anonymous_0)
FNDA:5,(anonymous_1)
FNDA:4,(anonymous_2)
FNDA:9,(anonymous_3)
FNDA:3,(anonymous_4)
FNDA:18,ensurePromise
FNDA:18,(anonymous_6)
FNDA:20,getPromiseFromAction
FNDA:3,(anonymous_8)
FNDA:15,(anonymous_9)
FNDA:40,wrapper
FNDA:40,getSlot
FNDA:43,isString
FNDA:57,isFunction
FNDA:20,isPromise
FNDA:23,assert
DA:16,25
DA:24,25
DA:25,3
DA:27,25
DA:29,25
DA:30,18
DA:33,0
DA:37,21
DA:38,1
DA:39,1
DA:42,20
DA:43,20
DA:48,20
DA:50,20
DA:52,5
DA:55,4
DA:58,9
DA:62,7
DA:63,3
DA:64,3
DA:65,3
DA:67,7
DA:70,3
DA:74,40
DA:75,4
DA:78,36
DA:79,6
DA:82,30
DA:87,18
DA:88,18
DA:89,18
DA:90,18
DA:91,18
DA:93,0
DA:99,20
DA:100,17
DA:101,2
DA:103,0
DA:107,40
DA:111,40
DA:112,40
DA:114,40
DA:118,43
DA:122,57
DA:126,20
DA:130,23
DA:131,0
LF:47
LH:43
BRDA:24,0,0,3
BRDA:24,0,1,22
BRDA:24,1,0,25
BRDA:24,1,1,23
BRDA:29,2,0,7
BRDA:29,2,1,18
BRDA:37,3,0,1
BRDA:37,3,1,20
BRDA:63,4,0,0
BRDA:63,4,1,3
BRDA:74,5,0,4
BRDA:74,5,1,36
BRDA:78,6,0,6
BRDA:78,6,1,30
BRDA:90,7,0,18
BRDA:90,7,1,18
BRDA:99,8,0,3
BRDA:99,8,1,17
BRDA:100,9,0,15
BRDA:100,9,1,2
BRDA:101,10,0,2
BRDA:101,10,1,0
BRDA:106,11,0,0
BRDA:114,12,0,40
BRDA:114,12,1,0
BRDA:114,13,0,0
BRDA:114,13,1,0
BRDA:126,14,0,20
BRDA:126,14,1,20
BRDA:126,14,2,20
BRDA:130,15,0,0
BRDA:130,15,1,23
BRF:32
BRH:25
end_of_record
